https://www.linkedin.com/in/mahir-vhora-ea-8ba05a265	no data from Apify
https://www.linkedin.com/in/icaiseattlechapter	no data from Apify
https://www.linkedin.com/in/vg2386	no data from Apify
https://www.linkedin.com/in/davidwolfskehl	no data from Apify
https://www.linkedin.com/in/ashleyrhodenmba	no data from Apify
https://www.linkedin.com/in/bneelachal	no data from Apify
https://www.linkedin.com/in/shikhavarshney-cpainkaty	no data from Apify
https://www.linkedin.com/in/martin-silber-mba-cpa-432ba25	no data from Apify
https://www.linkedin.com/in/jayanthiganapathy	no data from Apify
https://www.linkedin.com/in/deannealcalde	no data from Apify
https://www.linkedin.com/in/ezhilank	no data from Apify
https://www.linkedin.com/in/vigneshravichandran28	no data from Apify
https://www.linkedin.com/in/jaspermathias	no data from Apify
https://www.linkedin.com/in/manojbavle	no data from Apify
https://www.linkedin.com/in/raghav-saran-0739232a3	no data from Apify
https://www.linkedin.com/in/sridharvenkatesan2044	no data from Apify
https://www.linkedin.com/in/ravin-kapoor-aa86771	no data from Apify
https://www.linkedin.com/in/marc-harris-1b59525	no data from Apify
https://www.linkedin.com/in/tonymillerla	no data from Apify
https://www.linkedin.com/in/shilpavkalra	no data from Apify
https://www.linkedin.com/in/samir-shaik	no data from Apify
https://www.linkedin.com/in/christopher-s-gonzales	no data from Apify
https://www.linkedin.com/in/senramachandran	no data from Apify
https://www.linkedin.com/in/greenjcb	no data from Apify
https://www.linkedin.com/in/yuchengshu	no data from Apify
https://www.linkedin.com/in/chad-rose-90b732202	no data from Apify
https://www.linkedin.com/in/davewangmia	no data from Apify
https://www.linkedin.com/in/brianlmackin	no data from Apify
https://www.linkedin.com/in/danieladuhart	no data from Apify
https://www.linkedin.com/in/aliasgar-sanjeliwala	no data from Apify
https://www.linkedin.com/in/manisha-chotrani-0427891a7	no data from Apify
https://www.linkedin.com/in/kumarrathnam	no data from Apify
https://www.linkedin.com/in/rogerlumpp	no data from Apify
https://www.linkedin.com/in/mitchpetracca	no data from Apify
https://www.linkedin.com/in/todd-teich-02ab6a267	no data from Apify
https://www.linkedin.com/in/leebrillhart	no data from Apify
https://www.linkedin.com/in/oscar-c-54480b264	no data from Apify
https://www.linkedin.com/in/zlotnikov-alex	no data from Apify
https://www.linkedin.com/in/mohit-mali-62a57a12a	no data from Apify
https://www.linkedin.com/in/asitpatel	no data from Apify
https://www.linkedin.com/in/velayutham-s-loopbackcinema	no data from Apify
https://www.linkedin.com/in/developergulam	no data from Apify
https://www.linkedin.com/in/jeena28	no data from Apify
https://www.linkedin.com/in/neilmihal	no data from Apify
https://www.linkedin.com/in/jorgearmandomed	no data from Apify
https://www.linkedin.com/in/xmejia-innovator	no data from Apify
https://www.linkedin.com/in/silsilay	no data from Apify
https://www.linkedin.com/in/meliana-r-setiawan-700539141	no data from Apify
https://www.linkedin.com/in/michaelanthonytalarico	no data from Apify
https://www.linkedin.com/in/sonia-rattan-6104831	no data from Apify
https://www.linkedin.com/in/harshdeep-sharma-4b29bb85	no data from Apify
https://www.linkedin.com/in/yatin-v-3059437	no data from Apify
https://www.linkedin.com/in/agrawalshubham01	no data from Apify
https://www.linkedin.com/in/prasadhassan	no data from Apify
https://www.linkedin.com/in/ranjan-jinka	no data from Apify
https://www.linkedin.com/in/ashley-elsner-5874884	no data from Apify
https://www.linkedin.com/in/paul-guillard	no data from Apify
https://www.linkedin.com/in/marcos-avila-gonzalez	no data from Apify
https://www.linkedin.com/in/chrispatrickiplaw	no data from Apify
https://www.linkedin.com/in/konstantin-nikulin-hamburg	no data from Apify
https://www.linkedin.com/in/yogesh-khandelwal-7709301a8	no data from Apify
https://www.linkedin.com/in/dspray	no data from Apify
https://www.linkedin.com/in/jaincpa	no data from Apify
https://www.linkedin.com/in/vijaydj	no data from Apify
https://www.linkedin.com/in/karthickanmani	no data from Apify
https://www.linkedin.com/in/sudhirsathiyan	no data from Apify
https://www.linkedin.com/in/neelesh-rai-a29b4165	no data from Apify
https://www.linkedin.com/in/gaurav-pansari	no data from Apify
https://www.linkedin.com/in/pat-krishnan-9a50943	no data from Apify
https://www.linkedin.com/in/garyvice	no data from Apify
https://www.linkedin.com/in/alextong	no data from Apify
https://www.linkedin.com/in/andersonpetergeorge	no data from Apify
https://www.linkedin.com/in/harbinder-singh-bhutani-933a37a	no data from Apify
https://www.linkedin.com/in/deepak-kshirsagar-b79ab417	no data from Apify
https://www.linkedin.com/in/maggieschnepf	no data from Apify
https://www.linkedin.com/in/gkohn	no data from Apify
https://www.linkedin.com/in/traceyswain	no data from Apify
https://www.linkedin.com/in/cezensalbi	no data from Apify
https://www.linkedin.com/in/diego-martinez-6a899684	no data from Apify
https://www.linkedin.com/in/srisabesan	no data from Apify
https://www.linkedin.com/in/forrestblake	no data from Apify
https://www.linkedin.com/in/prernayugshah	no data from Apify
https://www.linkedin.com/in/vishnu-soni-29863619	no data from Apify
https://www.linkedin.com/in/vyomesh-joshi-a483164b	no data from Apify
https://www.linkedin.com/in/bishoy-william-1993a499	no data from Apify
https://www.linkedin.com/in/christopher-ashton-cfp-124550328	no data from Apify
https://www.linkedin.com/in/eduard-ortega-cpa-cma-38b10b11a	no data from Apify
https://www.linkedin.com/in/devincraigbusiness	no data from Apify
https://www.linkedin.com/in/pandey-dheeraj	no data from Apify
https://www.linkedin.com/in/adityavishwanath	no data from Apify
https://www.linkedin.com/in/manish-manny-gandhi-48451611	no data from Apify
https://www.linkedin.com/in/aparna-devadoss	no data from Apify
https://www.linkedin.com/in/ca-archit-bansal	no data from Apify
https://www.linkedin.com/in/balaji-kuncham-26477a136	no data from Apify
https://www.linkedin.com/in/pooja-porwal-6713b3274	no data from Apify
https://www.linkedin.com/in/steven-piatkowski-52b980184	no data from Apify
https://www.linkedin.com/in/veera-sireesha-m-1409323b	no data from Apify
https://www.linkedin.com/in/clifftorrence	no data from Apify
https://www.linkedin.com/in/lorenzo-forte-finance	no data from Apify
https://www.linkedin.com/in/matthewarcher	no data from Apify
https://www.linkedin.com/in/cdwmeyer	no data from Apify
https://www.linkedin.com/in/furthersociety	no data from Apify
https://www.linkedin.com/in/jr-reyling-0212b6	no data from Apify
https://www.linkedin.com/in/roderick-knipsael-74a13a15	no data from Apify
https://www.linkedin.com/in/shruti-jain8101	no data from Apify
https://www.linkedin.com/in/gbhopperiii	no data from Apify
https://www.linkedin.com/in/malathy-kumar-20192010	no data from Apify
https://www.linkedin.com/in/robert-plunket-04aab23	no data from Apify
https://www.linkedin.com/in/veenamuddap	no data from Apify
https://www.linkedin.com/in/sinisterra	no data from Apify
https://www.linkedin.com/in/parth-shah-94704135	no data from Apify
https://www.linkedin.com/in/unniknair	no data from Apify
https://www.linkedin.com/in/josh-morgan-exec	no data from Apify
https://www.linkedin.com/in/djustinharris	no data from Apify
https://www.linkedin.com/in/gopirangan	no data from Apify
https://www.linkedin.com/in/valerie-martin-342878	no data from Apify
https://www.linkedin.com/in/sudipmukhopadhyay	no data from Apify
https://www.linkedin.com/in/aviroop-prosad-bose	no data from Apify
https://www.linkedin.com/in/innocentm	no data from Apify
https://www.linkedin.com/in/sureshniyer	no data from Apify
https://www.linkedin.com/in/donald-freitas-997ab834	no data from Apify
https://www.linkedin.com/in/francis-uong-cpa	no data from Apify
https://www.linkedin.com/in/yuriy-spektor-98a61a14	no data from Apify
https://www.linkedin.com/in/ann-fedchenko	no data from Apify
https://www.linkedin.com/in/chrisnare	no data from Apify
https://www.linkedin.com/in/jamie-weinstein-pmp-9880487	no data from Apify
https://www.linkedin.com/in/jimcaseyjr	no data from Apify
https://www.linkedin.com/in/klgalicki	no data from Apify
https://www.linkedin.com/in/danielrfriedman	no data from Apify
https://www.linkedin.com/in/dena-landon	no data from Apify
https://www.linkedin.com/in/matthewscottmeyer	no data from Apify
https://www.linkedin.com/in/wgermain	no data from Apify
https://www.linkedin.com/in/debbiecashon	no data from Apify
https://www.linkedin.com/in/oz-haque-ma	no data from Apify
https://www.linkedin.com/in/jera-hana	no data from Apify
https://www.linkedin.com/in/jonathanlock1	no data from Apify
https://www.linkedin.com/in/ericzgrey	no data from Apify
https://www.linkedin.com/in/jessica-montgomery-mba-8951462	no data from Apify
https://www.linkedin.com/in/brendanprobinson	no data from Apify
https://www.linkedin.com/in/timothy-w-molnar	no data from Apify
https://www.linkedin.com/in/razvan-salvetz-fcca-1a02959	no data from Apify
https://www.linkedin.com/in/mike-messina-6355051a	no data from Apify
https://www.linkedin.com/in/jonathan-patrick-5a1a36	no data from Apify
https://www.linkedin.com/in/ezrarosensaft	no data from Apify
https://www.linkedin.com/in/dave-newman-3752991	no data from Apify
https://www.linkedin.com/in/eduardo-arreaga	no data from Apify
https://www.linkedin.com/in/ritamariareed	no data from Apify
https://www.linkedin.com/in/adrian-reese	no data from Apify
https://www.linkedin.com/in/bethdamis	no data from Apify
https://www.linkedin.com/in/michael-tu-mba	no data from Apify
https://www.linkedin.com/in/rajamukherjea	no data from Apify
https://www.linkedin.com/in/costinpeiu	no data from Apify
https://www.linkedin.com/in/derekanguilm	no data from Apify
https://www.linkedin.com/in/shahkapil5	no data from Apify
https://www.linkedin.com/in/gansri	no data from Apify
https://www.linkedin.com/in/dudley-gould	no data from Apify
https://www.linkedin.com/in/shweta-singh-a097498	no data from Apify
https://www.linkedin.com/in/biraj-desai-3345984	no data from Apify
https://www.linkedin.com/in/nithya-venkat-raman-a394491b2	no data from Apify
https://www.linkedin.com/in/kunal-gaur-883026136	no data from Apify
https://www.linkedin.com/in/patrickkelahan	no data from Apify
https://www.linkedin.com/in/sriramaswamy1	no data from Apify
https://www.linkedin.com/in/munish-mehta-a4980a62	no data from Apify
https://www.linkedin.com/in/neilglass	no data from Apify
https://www.linkedin.com/in/vikas-mohan-23677411	no data from Apify
https://www.linkedin.com/in/ye-iris-tu-3b192723	no data from Apify
https://www.linkedin.com/in/shyampalreddy	no data from Apify
https://www.linkedin.com/in/hughesrod	no data from Apify
https://www.linkedin.com/in/mariamsawan	no data from Apify
https://www.linkedin.com/in/datajeff	no data from Apify
https://www.linkedin.com/in/seamus-o-connor-aca-cta-056a925a	no data from Apify
https://www.linkedin.com/in/camila-serna-a425372	no data from Apify
https://www.linkedin.com/in/justin-gress	no data from Apify
https://www.linkedin.com/in/harshshah37	no data from Apify
https://www.linkedin.com/in/jeremy-klein-11430844	no data from Apify
https://www.linkedin.com/in/cnebenzahl	no data from Apify
https://www.linkedin.com/in/roger-b-b5201766	no data from Apify
https://www.linkedin.com/in/marc-frenkel-66287931	no data from Apify
https://www.linkedin.com/in/geraldhogan	no data from Apify
https://www.linkedin.com/in/mike-deutsch-b09415137	no data from Apify
https://www.linkedin.com/in/jeremycoffman1	no data from Apify
https://www.linkedin.com/in/polina-leudanskaya-cpa-2883676	no data from Apify
https://www.linkedin.com/in/vishalpawar1	no data from Apify
https://www.linkedin.com/in/mukesh-kumar-m-85932b25	no data from Apify
https://www.linkedin.com/in/thanga-k-thangavel-exec-mba-pmp-a53b0911	no data from Apify
https://www.linkedin.com/in/malhotrakaran	no data from Apify
https://www.linkedin.com/in/tracy-rommel-6a9834b3	no data from Apify
https://www.linkedin.com/in/hari-rajagopalan-8632b412b	no data from Apify
https://www.linkedin.com/in/kannan-natarajan-stats	no data from Apify
https://www.linkedin.com/in/jatin-gajera-729443234	no data from Apify
https://www.linkedin.com/in/mariowanderley	no data from Apify
https://www.linkedin.com/in/khushboo-uppal-324105138	no data from Apify
https://www.linkedin.com/in/anumallika-g-s-502986157	no data from Apify
https://www.linkedin.com/in/carolyn-puzella-9ab90179	no data from Apify
https://www.linkedin.com/in/sudip-mehta	no data from Apify
https://www.linkedin.com/in/jaredzechnowitz	no data from Apify
https://www.linkedin.com/in/jiji-anil-518b863	no data from Apify
https://www.linkedin.com/in/darshan-rao-ab2332204	no data from Apify
https://www.linkedin.com/in/conor-bates	no data from Apify
https://www.linkedin.com/in/amit-roy-35014611	no data from Apify
https://www.linkedin.com/in/diana-coppola-91a3021a6	no data from Apify
https://www.linkedin.com/in/pooja-trivedi-19014979	no data from Apify
https://www.linkedin.com/in/suresh-sivakaminathan-26818560	no data from Apify
https://www.linkedin.com/in/howardabrahams	no data from Apify
https://www.linkedin.com/in/peter-nickman	no data from Apify
https://www.linkedin.com/in/dishahegdeb	no data from Apify
https://www.linkedin.com/in/kishorpanikar	no data from Apify
https://www.linkedin.com/in/elliotkallen	no data from Apify
https://www.linkedin.com/in/prasadanguluri	no data from Apify
https://www.linkedin.com/in/shiva777	no data from Apify
https://www.linkedin.com/in/sridhargdba	no data from Apify
https://www.linkedin.com/in/csunke	no data from Apify
https://www.linkedin.com/in/balavishwanath	no data from Apify
https://www.linkedin.com/in/pramathbakliwal	no data from Apify
https://www.linkedin.com/in/anand-venkataraman-70194848	no data from Apify
https://www.linkedin.com/in/dimple-lulla18	no data from Apify
https://www.linkedin.com/in/hitham-hauter	no data from Apify
https://www.linkedin.com/in/greg-looby	no data from Apify
https://www.linkedin.com/in/sri-chakravarty-profitability	no data from Apify
https://www.linkedin.com/in/kellywardcpa	no data from Apify
https://www.linkedin.com/in/john-rodgers-cpa-76b2838	no data from Apify
https://www.linkedin.com/in/keith-graham	no data from Apify
https://www.linkedin.com/in/mario-l-aniles-cpa-1643b353	no data from Apify
https://www.linkedin.com/in/mfan0425	no data from Apify
https://www.linkedin.com/in/katie-stachow-cpa-0a5b8328	no data from Apify
https://www.linkedin.com/in/tejaswi-sharma-09359422b	no data from Apify
https://www.linkedin.com/in/ca-mayur-jadav3971	no data from Apify
https://www.linkedin.com/in/lawrencerosenberg	no data from Apify
https://www.linkedin.com/in/shawn-creedon	no data from Apify
https://www.linkedin.com/in/joan-lu-cpa	no data from Apify
https://www.linkedin.com/in/iqram-alli-66336bab	no data from Apify
https://www.linkedin.com/in/bryan-mikulich-698189b	no data from Apify
https://www.linkedin.com/in/danieljharley	no data from Apify
https://www.linkedin.com/in/dan-p-nicholson	no data from Apify
https://www.linkedin.com/in/bgmarkley	no data from Apify
https://www.linkedin.com/in/geraldratigan	no data from Apify
https://www.linkedin.com/in/christopher-zeien-09b5692	no data from Apify
https://www.linkedin.com/in/rosencheryl	no data from Apify
https://www.linkedin.com/in/peter-tournis	no data from Apify
https://www.linkedin.com/in/gianni-fajardo-469489121	no data from Apify
https://www.linkedin.com/in/dianeledwards-cpa	no data from Apify
https://www.linkedin.com/in/dr-karen-searle-216b34b6	no data from Apify
https://www.linkedin.com/in/jeanne-fahrenbach-774b942	no data from Apify
https://www.linkedin.com/in/andrew-eversfield	no data from Apify
https://www.linkedin.com/in/mariogrande	no data from Apify
https://www.linkedin.com/in/andrewh-ferguson	no data from Apify
https://www.linkedin.com/in/john-lazorchak-44016a28	no data from Apify
https://www.linkedin.com/in/mjhadzi	no data from Apify
https://www.linkedin.com/in/mayowa-badmus-mba-491262239	no data from Apify
https://www.linkedin.com/in/benjamin-levitt-mba-ccrp-a8472540	no data from Apify
https://www.linkedin.com/in/danielle-shaul-735b1b92	no data from Apify
https://www.linkedin.com/in/dipali-s-17551531	no data from Apify
https://www.linkedin.com/in/saruseshadri	no data from Apify
https://www.linkedin.com/in/caashishsethi2010	no data from Apify
https://www.linkedin.com/in/nickdifabio	no data from Apify
https://www.linkedin.com/in/vishysahadevan	no data from Apify
https://www.linkedin.com/in/erica-rossello-cpa	no data from Apify
https://www.linkedin.com/in/bala-rajaraman-0b17898	no data from Apify
https://www.linkedin.com/in/brian-mock-71a2326	no data from Apify
https://www.linkedin.com/in/srinivasan-ramalingam-hbt	no data from Apify
https://www.linkedin.com/in/uthaya-ramanathan	no data from Apify
https://www.linkedin.com/in/marcelo-bernal	no data from Apify
https://www.linkedin.com/in/ushapriyaravilla	no data from Apify
https://www.linkedin.com/in/ashwinannamalai	no data from Apify
https://www.linkedin.com/in/gokilausa	no data from Apify
https://www.linkedin.com/in/gowri-shanker-viswanathan-4a946116	no data from Apify
https://www.linkedin.com/in/velloregopi	no data from Apify
https://www.linkedin.com/in/ross-pitcoff	no data from Apify
https://www.linkedin.com/in/diksha-g-8b0196206	no data from Apify
https://www.linkedin.com/in/stuartlmar	no data from Apify
https://www.linkedin.com/in/robert-ajhar-412575228	no data from Apify
https://www.linkedin.com/in/joannasherry	no data from Apify
https://www.linkedin.com/in/petestiglich	no data from Apify
https://www.linkedin.com/in/daniel-andrus	no data from Apify
https://www.linkedin.com/in/steele-dickerson-9022522a0	no data from Apify
https://www.linkedin.com/in/petermadden1	no data from Apify
https://www.linkedin.com/in/danielle-e-casagrande	no data from Apify
https://www.linkedin.com/in/randy-sadler-2746644	no data from Apify
https://www.linkedin.com/in/daniel-schuldenfrei	no data from Apify
https://www.linkedin.com/in/lcolinbush	no data from Apify
https://www.linkedin.com/in/edwin-grempels-mmxxii	no data from Apify
https://www.linkedin.com/in/david-mills-9471626	no data from Apify
https://www.linkedin.com/in/scottorn	no data from Apify
https://www.linkedin.com/in/guyhaselmann	no data from Apify
https://www.linkedin.com/in/cameron-hunter-3b5aba21	no data from Apify
https://www.linkedin.com/in/michaeldrogers	no data from Apify
https://www.linkedin.com/in/shauna-schmitz-a01289	no data from Apify
https://www.linkedin.com/in/tmartinfenouillet	no data from Apify
https://www.linkedin.com/in/dave-magnacca-72234	no data from Apify
https://www.linkedin.com/in/jornadal	no data from Apify
https://www.linkedin.com/in/natalia-dominguez-buckley-aa314812	no data from Apify
https://www.linkedin.com/in/nick-fusaro-b818272bb	no data from Apify
https://www.linkedin.com/in/arghoon-dar	no data from Apify
https://www.linkedin.com/in/krishna-chakrapani	no data from Apify
https://www.linkedin.com/in/angellopezdiaz	no data from Apify
https://www.linkedin.com/in/neilmalek	no data from Apify
https://www.linkedin.com/in/nnikolaougr	no data from Apify
https://www.linkedin.com/in/scotdickerson	no data from Apify
https://www.linkedin.com/in/damianrmingle	no data from Apify
https://www.linkedin.com/in/yuma-goddard	no data from Apify
https://www.linkedin.com/in/justin-woods2	no data from Apify
https://www.linkedin.com/in/rishabh-jain-cpa-ea-1a1b7577	no data from Apify
https://www.linkedin.com/in/andrewargue	no data from Apify
https://www.linkedin.com/in/siva-kumaran-b48aa2	no data from Apify
https://www.linkedin.com/in/suryam0801	no data from Apify
https://www.linkedin.com/in/thamizharasan-subramani-2738b6a9	no data from Apify
https://www.linkedin.com/in/saravanan-kaliappan-b1748996	no data from Apify
https://www.linkedin.com/in/sridhar-rentala-a457764	no data from Apify
https://www.linkedin.com/in/joanne-brine-1735804	no data from Apify
https://www.linkedin.com/in/ganeshudayashankar	no data from Apify
